c:\курс_2\аистрд\backpackproblem\x64\debug\backpackproblem.lib
c:\курс_2\аистрд\backpackproblem\x64\debug\backpackproblem.exp
c:\курс_2\аистрд\backpackproblem\backpackproblem\x64\debug\backpackproblem.pdb
c:\курс_2\аистрд\backpackproblem\backpackproblem\x64\debug\backpackproblem.idb
c:\курс_2\аистрд\backpackproblem\backpackproblem\x64\debug\main.obj
c:\курс_2\аистрд\backpackproblem\backpackproblem\x64\debug\list.obj
c:\курс_2\аистрд\backpackproblem\backpackproblem\x64\debug\knapsackfileinput.obj
c:\курс_2\аистрд\backpackproblem\backpackproblem\x64\debug\knapsack.obj
c:\курс_2\аистрд\backpackproblem\backpackproblem\x64\debug\vc141.pdb
c:\курс_2\аистрд\backpackproblem\backpackproblem\x64\debug\vc141.idb
c:\курс_2\аистрд\backpackproblem\backpackproblem\x64\debug\thing.obj
c:\курс_2\аистрд\backpackproblem\x64\debug\backpackproblem.exe
c:\курс_2\аистрд\backpackproblem\x64\debug\backpackproblem.ilk
c:\курс_2\аистрд\backpackproblem\x64\debug\backpackproblem.pdb
c:\курс_2\аистрд\backpackproblem\backpackproblem\x64\debug\backpackproblem.tlog\backpackproblem.write.1u.tlog
c:\курс_2\аистрд\backpackproblem\backpackproblem\x64\debug\backpackproblem.tlog\cl.command.1.tlog
c:\курс_2\аистрд\backpackproblem\backpackproblem\x64\debug\backpackproblem.tlog\cl.read.1.tlog
c:\курс_2\аистрд\backpackproblem\backpackproblem\x64\debug\backpackproblem.tlog\cl.write.1.tlog
c:\курс_2\аистрд\backpackproblem\backpackproblem\x64\debug\backpackproblem.tlog\lib-link.read.1.tlog
c:\курс_2\аистрд\backpackproblem\backpackproblem\x64\debug\backpackproblem.tlog\lib-link.write.1.tlog
c:\курс_2\аистрд\backpackproblem\backpackproblem\x64\debug\backpackproblem.tlog\lib.command.1.tlog
c:\курс_2\аистрд\backpackproblem\backpackproblem\x64\debug\backpackproblem.tlog\link.2224.delete.1.tlog
c:\курс_2\аистрд\backpackproblem\backpackproblem\x64\debug\backpackproblem.tlog\link.command.1.tlog
c:\курс_2\аистрд\backpackproblem\backpackproblem\x64\debug\backpackproblem.tlog\link.delete.1.tlog
c:\курс_2\аистрд\backpackproblem\backpackproblem\x64\debug\backpackproblem.tlog\link.read.1.tlog
c:\курс_2\аистрд\backpackproblem\backpackproblem\x64\debug\backpackproblem.tlog\link.write.1.tlog
